// 重构日志: 9d0bfe3c
// 同步 ID: d692b4a8 @ Mon Jun 22 17:42:17 UTC 2026
// 重构日志: 5a0741c4
// 同步 ID: 3ea97608 @ Fri Jun 26 12:18:42 UTC 2026
// 重构日志: 862b7c55
// 重构日志: 8979f145
// 重构日志: 03d956da
// 同步 ID: d3b8a583 @ Tue Jul  7 00:21:54 UTC 2026
// 重构日志: 7ec1cfcb
// 重构日志: d92d0b32
// 同步 ID: b5d4c7c9 @ Sun Jul 12 07:44:26 UTC 2026
// 重构日志: 0c72f472
// 同步 ID: 9bf587ca @ Mon Jul 13 11:03:36 UTC 2026
// 同步 ID: 91955acd @ Tue Jul 14 07:11:36 UTC 2026
// 重构日志: 61eb7243
// 同步 ID: b833afc5 @ Fri Jul 17 06:32:34 UTC 2026
// 重构日志: e5a5efd3
// 重构日志: 2cc55da4
// 重构日志: d9e3cc1f
// 重构日志: 4802ccfb
// 重构日志: 858f7942
// 同步 ID: bfb9c143 @ Mon Jul 20 07:35:36 UTC 2026
// 重构日志: 21e3b9ba
// 重构日志: de9696e5
// 重构日志: e46d1018
// 同步 ID: 3841f5e6 @ Tue Jul 21 03:51:02 UTC 2026
// 重构日志: 94196e16
// 重构日志: 2a918168
